Unread messages: 0

Heartbeats:
  Ratchet: 2026-02-21 02:40:28 UTC
  Badger-1: 2026-02-13 18:52:00 UTC
Unread messages: 0

Heartbeats:
  Ratchet: 2026-02-21 02:40:28 UTC
  Badger-1: 2026-02-13 18:52:00 UTC
Unread messages: 0

Heartbeats:
  Ratchet: 2026-02-21 02:40:28 UTC
  Badger-1: 2026-02-13 18:52:00 UTC
Unread messages: 0

Heartbeats:
  Ratchet: 2026-02-21 03:02:16 UTC
  Badger-1: 2026-02-13 18:52:00 UTC
Unread messages: 0

Heartbeats:
  Ratchet: 2026-02-21 03:11:29 UTC
  Badger-1: {
  "timestamp": "2026-02-21T03:08:21.630249+00:00",
  "status": "active",
  "activity": "Responding to Ratchet reflection"
}
